<?xml version="1.0" encoding="UTF-8"?>
<!-- Generated by org.testng.reporters.JUnitReportReporter -->
<testsuite hostname="DESKTOP-B2C1TVC" failures="0" tests="5" name="com.qa.E_Commerce.Testclass.TestHomepage" time="2.304" errors="0" timestamp="2024-09-02T15:35:07 IST" skipped="0">
  <testcase classname="com.qa.E_Commerce.Testclass.TestHomepage" name="Login" time="0.793"/>
  <system-out/>
  <testcase classname="com.qa.E_Commerce.Testclass.TestHomepage" name="Productselect" time="0.469"/>
  <system-out/>
  <testcase classname="com.qa.E_Commerce.Testclass.TestHomepage" name="checkout" time="0.217"/>
  <system-out/>
  <testcase classname="com.qa.E_Commerce.Testclass.TestHomepage" name="checkoutinformation" time="0.724"/>
  <system-out/>
  <testcase classname="com.qa.E_Commerce.Testclass.TestHomepage" name="buy1" time="0.101"/>
  <system-out/>
</testsuite> <!-- com.qa.E_Commerce.Testclass.TestHomepage -->
