<?xml version="1.0" encoding="UTF-8"?>
<!-- Generated by org.testng.reporters.JUnitReportReporter -->
<testsuite hostname="DESKTOP-B2C1TVC" failures="0" tests="1" name="com.qa.E_Commerce.Testclass.TestHomepage" time="19.472" errors="0" timestamp="2024-07-25T18:46:52 IST" skipped="0">
  <testcase classname="com.qa.E_Commerce.Testclass.TestHomepage" name="openurl" time="19.472"/>
  <system-out/>
</testsuite> <!-- com.qa.E_Commerce.Testclass.TestHomepage -->
